<?xml version="1.0" encoding="UTF-8"?>
<!-- Generated by org.testng.reporters.JUnitXMLReporter -->
<testsuite ignored="0" hostname="DESKTOP-R3Q4EBV" failures="0" tests="4" name="Test" time="17.711" errors="0" timestamp="2025-07-21T12:06:20 IST">
  <testcase classname="tests.Scenario2_AdminPOM_Test" name="verifyLeftMenuCount" time="2.093"/>
  <testcase classname="tests.Scenario2_AdminPOM_Test" name="searchByUsername" time="2.487"/>
  <testcase classname="tests.Scenario2_AdminPOM_Test" name="searchByUserRole" time="2.034"/>
  <testcase classname="tests.Scenario2_AdminPOM_Test" name="searchByStatus" time="1.989"/>
</testsuite> <!-- Test -->
