<?xml version="1.0" encoding="UTF-8"?>
<!-- Generated by org.testng.reporters.JUnitXMLReporter -->
<testsuite ignored="0" hostname="DESKTOP-R3Q4EBV" failures="0" tests="2" name="Default test" time="45.02" errors="0" timestamp="2025-07-24T21:03:20 IST">
  <testcase classname="bstackdemo__TestCase.CheckOutTest_03" name="TC_007_CheckoutProcess" time="19.979"/>
  <testcase classname="bstackdemo__TestCase.CheckOutTest_03" name="TC_008_checkoutWithoutAddingItems" time="5.433"/>
</testsuite> <!-- Default test -->
