<?xml version="1.0" encoding="UTF-8"?>
<!-- Generated by org.testng.reporters.JUnitXMLReporter -->
<testsuite ignored="0" hostname="DESKTOP-R3Q4EBV" failures="2" tests="8" name="Test" time="150.984" errors="0" timestamp="2025-07-24T21:06:57 IST">
  <testcase classname="bstackdemo__TestCase.CartTests_02" name="TC_004_AddSingleItemToCart" time="5.706"/>
  <testcase classname="bstackdemo__TestCase.CartTests_02" name="TC005_addmultipleitemToCart" time="12.257"/>
  <testcase classname="bstackdemo__TestCase.CartTests_02" name="TC006_removeitemToCart" time="12.558"/>
  <testcase classname="bstackdemo__TestCase.LoginTest_01" name="validLoginTest" time="3.334"/>
  <testcase classname="bstackdemo__TestCase.LoginTest_01" name="InvalidLoginTest" time="2.864">
    <failure type="java.lang.AssertionError" message="Invalid  username/password: locked_user/testingisfun99">
      <![CDATA[java.lang.AssertionError: Invalid  username/password: locked_user/testingisfun99
at bstackdemo__TestCase.LoginTest_01.InvalidLoginTest(LoginTest_01.java:66)
at java.base/java.util.ArrayList.forEach(ArrayList.java:1597)
... Removed 26 stack frames]]>
    </failure>
  </testcase> <!-- InvalidLoginTest -->
  <testcase classname="bstackdemo__TestCase.LoginTest_01" name="EmptyLoginTest" time="2.934">
    <failure type="java.lang.AssertionError" message="Empty username/password: locked_user / ----- ">
      <![CDATA[java.lang.AssertionError: Empty username/password: locked_user / ----- 
at bstackdemo__TestCase.LoginTest_01.EmptyLoginTest(LoginTest_01.java:78)
at java.base/java.util.ArrayList.forEach(ArrayList.java:1597)
... Removed 26 stack frames]]>
    </failure>
  </testcase> <!-- EmptyLoginTest -->
  <testcase classname="bstackdemo__TestCase.CheckOutTest_03" name="TC_007_CheckoutProcess" time="10.53"/>
  <testcase classname="bstackdemo__TestCase.CheckOutTest_03" name="TC_008_checkoutWithoutAddingItems" time="5.282"/>
</testsuite> <!-- Test -->
