<?xml version="1.0" encoding="UTF-8"?>
<testng-results ignored="0" total="9" passed="9" failed="0" skipped="0">
  <reporter-output>
  </reporter-output>
  <suite started-at="2025-07-21T14:34:07 IST" name="OrangeHRM_Suite" finished-at="2025-07-21T14:36:16 IST" duration-ms="128591">
    <groups>
    </groups>
    <test started-at="2025-07-21T14:34:07 IST" name="OrangeHRM_Tests" finished-at="2025-07-21T14:36:16 IST" duration-ms="128591">
      <class name="tests.Scenario1_LoginDDT_Test">
        <test-method is-config="true" signature="setupReport()[pri:0, instance:tests.Scenario1_LoginDDT_Test@2a7ed1f]" started-at="2025-07-21T14:34:07 IST" name="setupReport" finished-at="2025-07-21T14:34:07 IST" duration-ms="11" status="PASS">
          <reporter-output>
          </reporter-output>
        </test-method> <!-- setupReport -->
        <test-method is-config="true" signature="setUp()[pri:0, instance:tests.Scenario1_LoginDDT_Test@2a7ed1f]" started-at="2025-07-21T14:34:07 IST" name="setUp" finished-at="2025-07-21T14:34:16 IST" duration-ms="9055" status="PASS">
          <reporter-output>
          </reporter-output>
        </test-method> <!-- setUp -->
        <test-method signature="loginTest(java.lang.String,java.lang.String,java.lang.String)[pri:0, instance:tests.Scenario1_LoginDDT_Test@2a7ed1f]" started-at="2025-07-21T14:34:18 IST" name="loginTest" data-provider="loginData" finished-at="2025-07-21T14:34:33 IST" duration-ms="15723" status="PASS">
          <params>
            <param index="0">
              <value>
                <![CDATA[Admin]]>
              </value>
            </param>
            <param index="1">
              <value>
                <![CDATA[admin123]]>
              </value>
            </param>
            <param index="2">
              <value>
                <![CDATA[Valid]]>
              </value>
            </param>
          </params>
          <reporter-output>
          </reporter-output>
        </test-method> <!-- loginTest -->
        <test-method signature="loginTest(java.lang.String,java.lang.String,java.lang.String)[pri:0, instance:tests.Scenario1_LoginDDT_Test@2a7ed1f]" started-at="2025-07-21T14:34:33 IST" name="loginTest" data-provider="loginData" finished-at="2025-07-21T14:34:43 IST" duration-ms="10069" status="PASS">
          <params>
            <param index="0">
              <value>
                <![CDATA[dummy]]>
              </value>
            </param>
            <param index="1">
              <value>
                <![CDATA[wrong123]]>
              </value>
            </param>
            <param index="2">
              <value>
                <![CDATA[Invalid]]>
              </value>
            </param>
          </params>
          <reporter-output>
          </reporter-output>
        </test-method> <!-- loginTest -->
        <test-method signature="loginTest(java.lang.String,java.lang.String,java.lang.String)[pri:0, instance:tests.Scenario1_LoginDDT_Test@2a7ed1f]" started-at="2025-07-21T14:34:43 IST" name="loginTest" data-provider="loginData" finished-at="2025-07-21T14:34:54 IST" duration-ms="10710" status="PASS">
          <params>
            <param index="0">
              <value>
                <![CDATA[admin1]]>
              </value>
            </param>
            <param index="1">
              <value>
                <![CDATA[data123]]>
              </value>
            </param>
            <param index="2">
              <value>
                <![CDATA[Invalid]]>
              </value>
            </param>
          </params>
          <reporter-output>
          </reporter-output>
        </test-method> <!-- loginTest -->
        <test-method signature="loginTest(java.lang.String,java.lang.String,java.lang.String)[pri:0, instance:tests.Scenario1_LoginDDT_Test@2a7ed1f]" started-at="2025-07-21T14:34:54 IST" name="loginTest" data-provider="loginData" finished-at="2025-07-21T14:34:57 IST" duration-ms="2609" status="PASS">
          <params>
            <param index="0">
              <value>
                <![CDATA[admin2]]>
              </value>
            </param>
            <param index="1">
              <value>
                <![CDATA[data345]]>
              </value>
            </param>
            <param index="2">
              <value>
                <![CDATA[Invalid]]>
              </value>
            </param>
          </params>
          <reporter-output>
          </reporter-output>
        </test-method> <!-- loginTest -->
        <test-method signature="loginTest(java.lang.String,java.lang.String,java.lang.String)[pri:0, instance:tests.Scenario1_LoginDDT_Test@2a7ed1f]" started-at="2025-07-21T14:34:57 IST" name="loginTest" data-provider="loginData" finished-at="2025-07-21T14:35:07 IST" duration-ms="10304" status="PASS">
          <params>
            <param index="0">
              <value>
                <![CDATA[Admin]]>
              </value>
            </param>
            <param index="1">
              <value>
                <![CDATA[admin123]]>
              </value>
            </param>
            <param index="2">
              <value>
                <![CDATA[Valid]]>
              </value>
            </param>
          </params>
          <reporter-output>
          </reporter-output>
        </test-method> <!-- loginTest -->
        <test-method is-config="true" signature="tearDown()[pri:0, instance:tests.Scenario1_LoginDDT_Test@2a7ed1f]" started-at="2025-07-21T14:35:07 IST" name="tearDown" finished-at="2025-07-21T14:35:07 IST" duration-ms="333" status="PASS">
          <reporter-output>
          </reporter-output>
        </test-method> <!-- tearDown -->
        <test-method is-config="true" signature="tearDownReport()[pri:0, instance:tests.Scenario1_LoginDDT_Test@2a7ed1f]" started-at="2025-07-21T14:36:15 IST" name="tearDownReport" finished-at="2025-07-21T14:36:16 IST" duration-ms="989" status="PASS">
          <reporter-output>
          </reporter-output>
        </test-method> <!-- tearDownReport -->
      </class> <!-- tests.Scenario1_LoginDDT_Test -->
      <class name="tests.Scenario2_AdminPOM_Test">
        <test-method is-config="true" signature="setUp()[pri:0, instance:tests.Scenario2_AdminPOM_Test@4c012563]" started-at="2025-07-21T14:35:07 IST" name="setUp" finished-at="2025-07-21T14:35:43 IST" duration-ms="35713" status="PASS">
          <reporter-output>
          </reporter-output>
        </test-method> <!-- setUp -->
        <test-method is-config="true" signature="setupPages()[pri:0, instance:tests.Scenario2_AdminPOM_Test@4c012563]" started-at="2025-07-21T14:35:43 IST" name="setupPages" finished-at="2025-07-21T14:35:57 IST" duration-ms="13880" status="PASS">
          <reporter-output>
          </reporter-output>
        </test-method> <!-- setupPages -->
        <test-method signature="verifyLeftMenuCount()[pri:1, instance:tests.Scenario2_AdminPOM_Test@4c012563]" started-at="2025-07-21T14:35:57 IST" name="verifyLeftMenuCount" finished-at="2025-07-21T14:35:58 IST" duration-ms="621" status="PASS">
          <reporter-output>
          </reporter-output>
        </test-method> <!-- verifyLeftMenuCount -->
        <test-method signature="searchByUsername()[pri:2, instance:tests.Scenario2_AdminPOM_Test@4c012563]" started-at="2025-07-21T14:35:58 IST" name="searchByUsername" finished-at="2025-07-21T14:36:02 IST" duration-ms="4213" status="PASS">
          <reporter-output>
          </reporter-output>
        </test-method> <!-- searchByUsername -->
        <test-method signature="searchByUserRole()[pri:3, instance:tests.Scenario2_AdminPOM_Test@4c012563]" started-at="2025-07-21T14:36:02 IST" name="searchByUserRole" finished-at="2025-07-21T14:36:05 IST" duration-ms="3395" status="PASS">
          <reporter-output>
          </reporter-output>
        </test-method> <!-- searchByUserRole -->
        <test-method signature="searchByStatus()[pri:4, instance:tests.Scenario2_AdminPOM_Test@4c012563]" started-at="2025-07-21T14:36:05 IST" name="searchByStatus" finished-at="2025-07-21T14:36:13 IST" duration-ms="7635" status="PASS">
          <reporter-output>
          </reporter-output>
        </test-method> <!-- searchByStatus -->
        <test-method is-config="true" signature="logout()[pri:0, instance:tests.Scenario2_AdminPOM_Test@4c012563]" started-at="2025-07-21T14:36:13 IST" name="logout" finished-at="2025-07-21T14:36:14 IST" duration-ms="1304" status="PASS">
          <reporter-output>
          </reporter-output>
        </test-method> <!-- logout -->
        <test-method is-config="true" signature="tearDown()[pri:0, instance:tests.Scenario2_AdminPOM_Test@4c012563]" started-at="2025-07-21T14:36:14 IST" name="tearDown" finished-at="2025-07-21T14:36:15 IST" duration-ms="395" status="PASS">
          <reporter-output>
          </reporter-output>
        </test-method> <!-- tearDown -->
      </class> <!-- tests.Scenario2_AdminPOM_Test -->
    </test> <!-- OrangeHRM_Tests -->
  </suite> <!-- OrangeHRM_Suite -->
</testng-results>
