<?xml version="1.0" encoding="UTF-8"?>
<testng-results ignored="0" total="10" passed="10" failed="0" skipped="0">
  <reporter-output>
  </reporter-output>
  <suite started-at="2025-07-20T12:57:01 IST" name="Suite" finished-at="2025-07-20T12:57:21 IST" duration-ms="19725">
    <groups>
    </groups>
    <test started-at="2025-07-20T12:57:01 IST" name="Test" finished-at="2025-07-20T12:57:21 IST" duration-ms="19725">
      <class name="TelecomProject.TC7_GetContact">
        <test-method signature="getContactList()[pri:0, instance:TelecomProject.TC7_GetContact@1500b2f3]" started-at="2025-07-20T12:57:14 IST" name="getContactList" finished-at="2025-07-20T12:57:16 IST" depends-on-methods="TelecomProject.TC5_AddContact.addContactBDDTest" duration-ms="1590" status="PASS">
          <reporter-output>
          </reporter-output>
        </test-method> <!-- getContactList -->
      </class> <!-- TelecomProject.TC7_GetContact -->
      <class name="TelecomProject.TC9_UpdateContact2">
        <test-method signature="patchContactFirstNameTest()[pri:0, instance:TelecomProject.TC9_UpdateContact2@126253fd]" started-at="2025-07-20T12:57:18 IST" name="patchContactFirstNameTest" finished-at="2025-07-20T12:57:19 IST" depends-on-methods="TelecomProject.TC5_AddContact.addContactBDDTest" duration-ms="1560" status="PASS">
          <reporter-output>
          </reporter-output>
        </test-method> <!-- patchContactFirstNameTest -->
      </class> <!-- TelecomProject.TC9_UpdateContact2 -->
      <class name="TelecomProject.TC4_LoginUser">
        <test-method signature="loginWithValidUser()[pri:0, instance:TelecomProject.TC4_LoginUser@69504ae9]" started-at="2025-07-20T12:57:10 IST" name="loginWithValidUser" finished-at="2025-07-20T12:57:11 IST" depends-on-methods="TelecomProject.TC1_AddNewUser.createNewUserWithDynamicEmail" duration-ms="1605" status="PASS">
          <reporter-output>
          </reporter-output>
        </test-method> <!-- loginWithValidUser -->
      </class> <!-- TelecomProject.TC4_LoginUser -->
      <class name="TelecomProject.TC6_GetContactList">
        <test-method signature="getContactByIdTest()[pri:0, instance:TelecomProject.TC6_GetContactList@28cda624]" started-at="2025-07-20T12:57:13 IST" name="getContactByIdTest" finished-at="2025-07-20T12:57:14 IST" depends-on-methods="TelecomProject.TC5_AddContact.addContactBDDTest" duration-ms="1662" status="PASS">
          <reporter-output>
          </reporter-output>
        </test-method> <!-- getContactByIdTest -->
      </class> <!-- TelecomProject.TC6_GetContactList -->
      <class name="TelecomProject.TC3_UpdateUser">
        <test-method signature="updateUserTest()[pri:0, instance:TelecomProject.TC3_UpdateUser@7139992f]" started-at="2025-07-20T12:57:08 IST" name="updateUserTest" finished-at="2025-07-20T12:57:10 IST" depends-on-methods="TelecomProject.TC1_AddNewUser.createNewUserWithDynamicEmail" duration-ms="1678" status="PASS">
          <reporter-output>
          </reporter-output>
        </test-method> <!-- updateUserTest -->
      </class> <!-- TelecomProject.TC3_UpdateUser -->
      <class name="TelecomProject.TC8_UpdateContact1">
        <test-method signature="updateContactTest()[pri:0, instance:TelecomProject.TC8_UpdateContact1@7eecb5b8]" started-at="2025-07-20T12:57:16 IST" name="updateContactTest" finished-at="2025-07-20T12:57:18 IST" depends-on-methods="TelecomProject.TC5_AddContact.addContactBDDTest" duration-ms="1559" status="PASS">
          <reporter-output>
          </reporter-output>
        </test-method> <!-- updateContactTest -->
      </class> <!-- TelecomProject.TC8_UpdateContact1 -->
      <class name="TelecomProject.TC1_AddNewUser">
        <test-method signature="createNewUserWithDynamicEmail()[pri:0, instance:TelecomProject.TC1_AddNewUser@210ab13f]" started-at="2025-07-20T12:57:01 IST" name="createNewUserWithDynamicEmail" finished-at="2025-07-20T12:57:06 IST" duration-ms="5147" status="PASS">
          <reporter-output>
          </reporter-output>
        </test-method> <!-- createNewUserWithDynamicEmail -->
      </class> <!-- TelecomProject.TC1_AddNewUser -->
      <class name="TelecomProject.TC10_LogoutUser">
        <test-method signature="logoutUserTest()[pri:0, instance:TelecomProject.TC10_LogoutUser@57db2b13]" started-at="2025-07-20T12:57:19 IST" name="logoutUserTest" finished-at="2025-07-20T12:57:21 IST" depends-on-methods="TelecomProject.TC4_LoginUser.loginWithValidUser" duration-ms="1549" status="PASS">
          <reporter-output>
          </reporter-output>
        </test-method> <!-- logoutUserTest -->
      </class> <!-- TelecomProject.TC10_LogoutUser -->
      <class name="TelecomProject.TC2_GetUserProfile">
        <test-method signature="getUserProfileTest()[pri:0, instance:TelecomProject.TC2_GetUserProfile@47caedad]" started-at="2025-07-20T12:57:06 IST" name="getUserProfileTest" finished-at="2025-07-20T12:57:08 IST" depends-on-methods="TelecomProject.TC1_AddNewUser.createNewUserWithDynamicEmail" duration-ms="1593" status="PASS">
          <reporter-output>
          </reporter-output>
        </test-method> <!-- getUserProfileTest -->
      </class> <!-- TelecomProject.TC2_GetUserProfile -->
      <class name="TelecomProject.TC5_AddContact">
        <test-method signature="addContactBDDTest()[pri:0, instance:TelecomProject.TC5_AddContact@387a8303]" started-at="2025-07-20T12:57:11 IST" name="addContactBDDTest" finished-at="2025-07-20T12:57:13 IST" depends-on-methods="TelecomProject.TC4_LoginUser.loginWithValidUser" duration-ms="1685" status="PASS">
          <reporter-output>
          </reporter-output>
        </test-method> <!-- addContactBDDTest -->
      </class> <!-- TelecomProject.TC5_AddContact -->
    </test> <!-- Test -->
  </suite> <!-- Suite -->
</testng-results>
