<?xml version="1.0" encoding="UTF-8"?>
<!-- Generated by org.testng.reporters.JUnitXMLReporter -->
<testsuite ignored="0" hostname="DESKTOP-R3Q4EBV" failures="0" tests="9" name="OrangeHRM_Tests" time="128.591" errors="0" timestamp="2025-07-21T14:36:16 IST">
  <testcase classname="tests.Scenario1_LoginDDT_Test" name="loginTest" time="15.723"/>
  <testcase classname="tests.Scenario1_LoginDDT_Test" name="loginTest" time="10.069"/>
  <testcase classname="tests.Scenario1_LoginDDT_Test" name="loginTest" time="10.71"/>
  <testcase classname="tests.Scenario1_LoginDDT_Test" name="loginTest" time="2.609"/>
  <testcase classname="tests.Scenario1_LoginDDT_Test" name="loginTest" time="10.304"/>
  <testcase classname="tests.Scenario2_AdminPOM_Test" name="verifyLeftMenuCount" time="0.621"/>
  <testcase classname="tests.Scenario2_AdminPOM_Test" name="searchByUsername" time="4.213"/>
  <testcase classname="tests.Scenario2_AdminPOM_Test" name="searchByUserRole" time="3.395"/>
  <testcase classname="tests.Scenario2_AdminPOM_Test" name="searchByStatus" time="7.635"/>
</testsuite> <!-- OrangeHRM_Tests -->
