<?xml version="1.0" encoding="UTF-8"?>
<!-- Generated by org.testng.reporters.JUnitXMLReporter -->
<testsuite ignored="0" hostname="DESKTOP-R3Q4EBV" failures="0" tests="3" name="Default test" time="9.348" errors="0" timestamp="2025-07-20T12:52:10 IST">
  <testcase classname="TelecomProject.TC1_AddNewUser" name="createNewUserWithDynamicEmail" time="5.811"/>
  <testcase classname="TelecomProject.TC4_LoginUser" name="loginWithValidUser" time="1.783"/>
  <testcase classname="TelecomProject.TC10_LogoutUser" name="logoutUserTest" time="1.679"/>
</testsuite> <!-- Default test -->
