<?xml version="1.0" encoding="UTF-8"?>
<!-- Generated by org.testng.reporters.JUnitXMLReporter -->
<testsuite ignored="0" hostname="DESKTOP-R3Q4EBV" failures="0" tests="10" name="Test" time="19.725" errors="0" timestamp="2025-07-20T12:57:21 IST">
  <testcase classname="TelecomProject.TC1_AddNewUser" name="createNewUserWithDynamicEmail" time="5.147"/>
  <testcase classname="TelecomProject.TC2_GetUserProfile" name="getUserProfileTest" time="1.593"/>
  <testcase classname="TelecomProject.TC3_UpdateUser" name="updateUserTest" time="1.678"/>
  <testcase classname="TelecomProject.TC4_LoginUser" name="loginWithValidUser" time="1.605"/>
  <testcase classname="TelecomProject.TC5_AddContact" name="addContactBDDTest" time="1.685"/>
  <testcase classname="TelecomProject.TC6_GetContactList" name="getContactByIdTest" time="1.662"/>
  <testcase classname="TelecomProject.TC7_GetContact" name="getContactList" time="1.59"/>
  <testcase classname="TelecomProject.TC8_UpdateContact1" name="updateContactTest" time="1.559"/>
  <testcase classname="TelecomProject.TC9_UpdateContact2" name="patchContactFirstNameTest" time="1.56"/>
  <testcase classname="TelecomProject.TC10_LogoutUser" name="logoutUserTest" time="1.549"/>
</testsuite> <!-- Test -->
