<?xml version="1.0" encoding="UTF-8"?>
<!-- Generated by org.testng.reporters.JUnitXMLReporter -->
<testsuite ignored="0" hostname="DESKTOP-R3Q4EBV" failures="0" tests="4" name="Default test" time="25.113" errors="0" timestamp="2025-07-21T14:30:10 IST">
  <testcase classname="tests.Scenario2_AdminPOM_Test" name="verifyLeftMenuCount" time="2.663"/>
  <testcase classname="tests.Scenario2_AdminPOM_Test" name="searchByUsername" time="3.685"/>
  <testcase classname="tests.Scenario2_AdminPOM_Test" name="searchByUserRole" time="2.424"/>
  <testcase classname="tests.Scenario2_AdminPOM_Test" name="searchByStatus" time="2.491"/>
</testsuite> <!-- Default test -->
