<?xml version="1.0" encoding="UTF-8"?>
<!-- Generated by org.testng.reporters.JUnitReportReporter -->
<testsuite hostname="DESKTOP-R3Q4EBV" failures="0" tests="4" name="tests.Scenario2_AdminPOM_Test" time="15.864" errors="0" timestamp="2025-07-21T14:36:16 IST" skipped="0">
  <testcase classname="tests.Scenario2_AdminPOM_Test" name="verifyLeftMenuCount" time="0.621"/>
  <testcase classname="tests.Scenario2_AdminPOM_Test" name="searchByUsername" time="4.213"/>
  <testcase classname="tests.Scenario2_AdminPOM_Test" name="searchByUserRole" time="3.395"/>
  <testcase classname="tests.Scenario2_AdminPOM_Test" name="searchByStatus" time="7.635"/>
</testsuite> <!-- tests.Scenario2_AdminPOM_Test -->
