<?xml version="1.0" encoding="UTF-8"?>
<!-- Generated by org.testng.reporters.JUnitReportReporter -->
<testsuite hostname="DESKTOP-R3Q4EBV" failures="0" tests="5" name="tests.Scenario1_LoginDDT_Test" time="49.415" errors="0" timestamp="2025-07-21T14:36:16 IST" skipped="0">
  <testcase classname="tests.Scenario1_LoginDDT_Test" name="loginTest" time="15.723"/>
  <testcase classname="tests.Scenario1_LoginDDT_Test" name="loginTest" time="10.069"/>
  <testcase classname="tests.Scenario1_LoginDDT_Test" name="loginTest" time="10.304"/>
  <testcase classname="tests.Scenario1_LoginDDT_Test" name="loginTest" time="2.609"/>
  <testcase classname="tests.Scenario1_LoginDDT_Test" name="loginTest" time="10.710"/>
</testsuite> <!-- tests.Scenario1_LoginDDT_Test -->
